<?xml version="1.0" encoding="UTF-8"?>
<!-- Generated by org.testng.reporters.JUnitXMLReporter -->
<testsuite hostname="msi-l907" ignored="0" name="Creation of Cycle" tests="30" failures="0" timestamp="07 May 2019 09:07:16 GMT" time="468.292" errors="0">
  <testcase name="LoginApplication" time="32.361" classname="MavenFramework.CreateCycle"/>
  <testcase name="EnterCycleName" time="18.023" classname="MavenFramework.CreateCycle"/>
  <testcase name="EnterRTFData" time="24.899" classname="MavenFramework.CreateCycle"/>
  <testcase name="SelectComplianceDomain" time="19.292" classname="MavenFramework.CreateCycle"/>
  <testcase name="SelectOrganizationArea" time="16.159" classname="MavenFramework.CreateCycle"/>
  <testcase name="SelectApplicableTechnology" time="16.329" classname="MavenFramework.CreateCycle"/>
  <testcase name="SelectMRC" time="15.978" classname="MavenFramework.CreateCycle"/>
  <testcase name="SelectOwner" time="21.477" classname="MavenFramework.CreateCycle"/>
  <testcase name="SelectRestricdropDown" time="10.622" classname="MavenFramework.CreateCycle"/>
  <testcase name="SelectActionDropDown" time="10.591" classname="MavenFramework.CreateCycle"/>
  <testcase name="EnterCommentText" time="11.036" classname="MavenFramework.CreateCycle"/>
  <testcase name="EnterValidFromDate" time="11.083" classname="MavenFramework.CreateCycle"/>
  <testcase name="EnterUntillDate" time="12.907" classname="MavenFramework.CreateCycle"/>
  <testcase name="SaveForm" time="4.698" classname="MavenFramework.CreateCycle"/>
  <testcase name="SaveDraftForm" time="11.419" classname="MavenFramework.CreateCycle"/>
  <testcase name="SelectMyTask3" time="25.555" classname="MavenFramework.CreateCycle"/>
  <testcase name="SubmitForm" time="9.449" classname="MavenFramework.CreateCycle"/>
  <testcase name="EnterWithApprover" time="4.622" classname="MavenFramework.CreateCycle"/>
  <testcase name="RequestForClarification" time="39.777" classname="MavenFramework.CreateCycle"/>
  <testcase name="EnterCommentText1" time="11.015" classname="MavenFramework.CreateCycle"/>
  <testcase name="SubmitForm2" time="10.834" classname="MavenFramework.CreateCycle"/>
  <testcase name="EnterWithClarifier" time="14.126" classname="MavenFramework.CreateCycle"/>
  <testcase name="Clarification" time="32.977" classname="MavenFramework.CreateCycle"/>
  <testcase name="EnterCommentText11" time="11.069" classname="MavenFramework.CreateCycle"/>
  <testcase name="SubmitForm3" time="11.168" classname="MavenFramework.CreateCycle"/>
  <testcase name="Approve" time="3.41" classname="MavenFramework.CreateCycle"/>
  <testcase name="SelectMyTask2" time="21.922" classname="MavenFramework.CreateCycle"/>
  <testcase name="Clarification2" time="10.53" classname="MavenFramework.CreateCycle"/>
  <testcase name="EnterCommentText12" time="11.03" classname="MavenFramework.CreateCycle"/>
  <testcase name="SubmitForm4" time="11.425" classname="MavenFramework.CreateCycle"/>
</testsuite> <!-- Creation of Cycle -->
