<?xml version="1.0" encoding="UTF-8"?>
<!-- Generated by org.testng.reporters.JUnitXMLReporter -->
<testsuite hostname="msi-l907" ignored="0" name="Creation of cycle" tests="10" failures="9" timestamp="25 Oct 2018 14:43:41 GMT" time="46.889" errors="0">
  <testcase name="EnterCycleName" time="0.027" classname="MavenFramework.CreateCycle">
    <failure type="java.lang.NullPointerException">
      <![CDATA[java.lang.NullPointerException
at MavenFramework.CreateCycle.EnterCycleName(CreateCycle.java:38)
... Removed 25 stack frames]]>
    </failure>
  </testcase> <!-- EnterCycleName -->
  <testcase name="EnterRTFData" time="0.003" classname="MavenFramework.CreateCycle">
    <failure type="java.lang.NullPointerException">
      <![CDATA[java.lang.NullPointerException
at MavenFramework.CreateCycle.EnterRTFData(CreateCycle.java:46)
... Removed 25 stack frames]]>
    </failure>
  </testcase> <!-- EnterRTFData -->
  <testcase name="LoginApplication" time="46.654" classname="MavenFramework.CreateCycle"/>
  <testcase name="SelectActionDropDown" time="0.006" classname="MavenFramework.CreateCycle">
    <failure type="java.lang.NullPointerException">
      <![CDATA[java.lang.NullPointerException
at pageObjects.CycleFormObject.ActionDropDown(CycleFormObject.java:306)
at MavenFramework.CreateCycle.SelectActionDropDown(CreateCycle.java:83)
... Removed 25 stack frames]]>
    </failure>
  </testcase> <!-- SelectActionDropDown -->
  <testcase name="SelectComplianceDomain" time="0.007" classname="MavenFramework.CreateCycle">
    <failure type="java.lang.NullPointerException">
      <![CDATA[java.lang.NullPointerException
at pageObjects.CycleFormObject.ComplianceDomainsSLOV(CycleFormObject.java:109)
at MavenFramework.CreateCycle.SelectComplianceDomain(CreateCycle.java:52)
... Removed 25 stack frames]]>
    </failure>
  </testcase> <!-- SelectComplianceDomain -->
  <testcase name="SelectMRC" time="0.005" classname="MavenFramework.CreateCycle">
    <failure type="java.lang.NullPointerException">
      <![CDATA[java.lang.NullPointerException
at pageObjects.CycleFormObject.OwnerOrganizationsSLOV(CycleFormObject.java:220)
at MavenFramework.CreateCycle.SelectMRC(CreateCycle.java:65)
... Removed 25 stack frames]]>
    </failure>
  </testcase> <!-- SelectMRC -->
  <testcase name="SelectOwner" time="0.004" classname="MavenFramework.CreateCycle">
    <failure type="java.lang.NullPointerException">
      <![CDATA[java.lang.NullPointerException
at pageObjects.CycleFormObject.Owners(CycleFormObject.java:250)
at MavenFramework.CreateCycle.SelectOwner(CreateCycle.java:71)
... Removed 25 stack frames]]>
    </failure>
  </testcase> <!-- SelectOwner -->
  <testcase name="SelectRestricdropDown" time="0.004" classname="MavenFramework.CreateCycle">
    <failure type="java.lang.NullPointerException">
      <![CDATA[java.lang.NullPointerException
at pageObjects.CycleFormObject.RestricDropDown(CycleFormObject.java:283)
at MavenFramework.CreateCycle.SelectRestricdropDown(CreateCycle.java:77)
... Removed 25 stack frames]]>
    </failure>
  </testcase> <!-- SelectRestricdropDown -->
  <testcase name="SelecyOrganizationArea" time="0.006" classname="MavenFramework.CreateCycle">
    <failure type="java.lang.NullPointerException">
      <![CDATA[java.lang.NullPointerException
at pageObjects.CycleFormObject.OrganizationalAreaSLOV(CycleFormObject.java:189)
at MavenFramework.CreateCycle.SelecyOrganizationArea(CreateCycle.java:59)
... Removed 25 stack frames]]>
    </failure>
  </testcase> <!-- SelecyOrganizationArea -->
  <testcase name="SubmitForm" time="0.004" classname="MavenFramework.CreateCycle">
    <failure type="java.lang.NullPointerException">
      <![CDATA[java.lang.NullPointerException
at pageObjects.CycleFormObject.SubmitForm(CycleFormObject.java:330)
at MavenFramework.CreateCycle.SubmitForm(CreateCycle.java:89)
... Removed 25 stack frames]]>
    </failure>
  </testcase> <!-- SubmitForm -->
</testsuite> <!-- Creation of cycle -->
