<?xml version="1.0" encoding="UTF-8"?>
<!-- Generated by org.testng.reporters.JUnitXMLReporter -->
<testsuite hostname="msi-l907" ignored="0" name="Create process object" tests="14" failures="0" timestamp="30 Jan 2019 10:53:14 GMT" time="203.856" errors="0">
  <testcase name="LoginApplication" time="10.503" classname="MavenFramework.CreateProcess"/>
  <testcase name="EnterProcessName" time="18.672" classname="MavenFramework.CreateProcess"/>
  <testcase name="EnterDescriptionData" time="31.932" classname="MavenFramework.CreateProcess"/>
  <testcase name="SelectCycleName" time="16.594" classname="MavenFramework.CreateProcess"/>
  <testcase name="SelectOwnerOrg" time="14.799" classname="MavenFramework.CreateProcess"/>
  <testcase name="SelectOwner" time="18.764" classname="MavenFramework.CreateProcess"/>
  <testcase name="SelectL1Approver" time="18.547" classname="MavenFramework.CreateProcess"/>
  <testcase name="SelectRestricdropDown" time="10.541" classname="MavenFramework.CreateProcess"/>
  <testcase name="SelectActionDropDown" time="10.473" classname="MavenFramework.CreateProcess"/>
  <testcase name="SubmitForm" time="8.109" classname="MavenFramework.CreateProcess"/>
  <testcase name="EnterWithApprover" time="2.546" classname="MavenFramework.CreateProcess"/>
  <testcase name="SelectMyTask" time="19.209" classname="MavenFramework.CreateProcess"/>
  <testcase name="ApprovingTheProcessform" time="13.594" classname="MavenFramework.CreateProcess"/>
  <testcase name="SubmitForm2" time="7.337" classname="MavenFramework.CreateProcess"/>
</testsuite> <!-- Create process object -->
