<?xml version="1.0" encoding="UTF-8"?>
<!-- Generated by org.testng.reporters.JUnitXMLReporter -->
<testsuite hostname="msi-l907" ignored="0" name="Create Cycle object" tests="32" failures="0" timestamp="30 Jan 2019 10:48:23 GMT" time="433.415" errors="0">
  <testcase name="LoginApplication" time="39.641" classname="MavenFramework.CreateCycle"/>
  <testcase name="EnterCycleName" time="18.737" classname="MavenFramework.CreateCycle"/>
  <testcase name="EnterRTFData" time="25.21" classname="MavenFramework.CreateCycle"/>
  <testcase name="SelectComplianceDomain" time="15.946" classname="MavenFramework.CreateCycle"/>
  <testcase name="SelectOrganizationArea" time="15.583" classname="MavenFramework.CreateCycle"/>
  <testcase name="SelectApplicableTechnology" time="15.576" classname="MavenFramework.CreateCycle"/>
  <testcase name="SelectMRC" time="15.366" classname="MavenFramework.CreateCycle"/>
  <testcase name="SelectOwner" time="25.717" classname="MavenFramework.CreateCycle"/>
  <testcase name="SelectRestricdropDown" time="10.631" classname="MavenFramework.CreateCycle"/>
  <testcase name="SelectActionDropDown" time="10.573" classname="MavenFramework.CreateCycle"/>
  <testcase name="EnterCommentText" time="11.019" classname="MavenFramework.CreateCycle"/>
  <testcase name="EnterValidFromDate" time="11.057" classname="MavenFramework.CreateCycle"/>
  <testcase name="EnterUntillDate" time="13.131" classname="MavenFramework.CreateCycle"/>
  <testcase name="SaveForm" time="3.789" classname="MavenFramework.CreateCycle"/>
  <testcase name="SaveDraftForm" time="10.574" classname="MavenFramework.CreateCycle"/>
  <testcase name="SelectMyTask3" time="24.382" classname="MavenFramework.CreateCycle"/>
  <testcase name="SubmitForm" time="6.441" classname="MavenFramework.CreateCycle"/>
  <testcase name="EnterWithApprover" time="3.323" classname="MavenFramework.CreateCycle"/>
  <testcase name="SelectMyTask" time="20.265" classname="MavenFramework.CreateCycle"/>
  <testcase name="RequestForClarification" time="10.549" classname="MavenFramework.CreateCycle"/>
  <testcase name="EnterCommentText1" time="11.09" classname="MavenFramework.CreateCycle"/>
  <testcase name="SubmitForm2" time="6.324" classname="MavenFramework.CreateCycle"/>
  <testcase name="EnterWithClarifier" time="2.378" classname="MavenFramework.CreateCycle"/>
  <testcase name="SelectMyTask1" time="22.857" classname="MavenFramework.CreateCycle"/>
  <testcase name="Clarification" time="10.561" classname="MavenFramework.CreateCycle"/>
  <testcase name="EnterCommentText11" time="11.246" classname="MavenFramework.CreateCycle"/>
  <testcase name="SubmitForm3" time="8.296" classname="MavenFramework.CreateCycle"/>
  <testcase name="Approve" time="2.624" classname="MavenFramework.CreateCycle"/>
  <testcase name="SelectMyTask2" time="20.017" classname="MavenFramework.CreateCycle"/>
  <testcase name="Clarification2" time="10.577" classname="MavenFramework.CreateCycle"/>
  <testcase name="EnterCommentText12" time="11.118" classname="MavenFramework.CreateCycle"/>
  <testcase name="SubmitForm4" time="6.09" classname="MavenFramework.CreateCycle"/>
</testsuite> <!-- Create Cycle object -->
