<?xml version="1.0" encoding="UTF-8"?>
<!-- Generated by org.testng.reporters.JUnitXMLReporter -->
<testsuite hostname="msi-l907" ignored="0" name="Sox Cycle form and report validation" tests="19" failures="3" timestamp="26 Nov 2018 15:13:49 GMT" time="179.313" errors="0">
  <testcase name="LoginApplication" time="9.342" classname="MavenFramework.CreateCycle"/>
  <testcase name="EnterCycleName" time="14.846" classname="MavenFramework.CreateCycle"/>
  <testcase name="EnterRTFData" time="32.007" classname="MavenFramework.CreateCycle"/>
  <testcase name="SelectComplianceDomain" time="15.832" classname="MavenFramework.CreateCycle"/>
  <testcase name="SelectOrganizationArea" time="14.903" classname="MavenFramework.CreateCycle"/>
  <testcase name="SelectMRC" time="15.353" classname="MavenFramework.CreateCycle"/>
  <testcase name="SelectOwner" time="18.874" classname="MavenFramework.CreateCycle"/>
  <testcase name="SelectRestricdropDown" time="10.58" classname="MavenFramework.CreateCycle"/>
  <testcase name="SelectActionDropDown" time="10.455" classname="MavenFramework.CreateCycle"/>
  <testcase name="SubmitForm" time="4.65" classname="MavenFramework.CreateCycle"/>
  <testcase name="LoginApplication" time="9.678" classname="MavenFramework.SoxCycleReport"/>
  <testcase name="OpenSoxCycleReport" time="5.39" classname="MavenFramework.SoxCycleReport"/>
  <testcase name="ExpandReport" time="2.516" classname="MavenFramework.SoxCycleReport"/>
  <testcase name="EnterCycleFilterData" time="3.52" classname="MavenFramework.SoxCycleReport"/>
  <testcase name="GenerateReport" time="6.414" classname="MavenFramework.SoxCycleReport"/>
  <testcase name="VerifyCycleNameColumn" time="0.235" classname="MavenFramework.SoxCycleReport">
    <failure type="java.lang.AssertionError" message="The report showsRevenue &amp;amp; ReceivablesBut Expected data is :ExcelSheetTestData_CycleName_05 expected [false] but found [true]">
      <![CDATA[java.lang.AssertionError: The report showsRevenue & ReceivablesBut Expected data is :ExcelSheetTestData_CycleName_05 expected [false] but found [true]
at MavenFramework.SoxCycleReport.VerifyCycleNameColumn(SoxCycleReport.java:102)
... Removed 28 stack frames]]>
    </failure>
  </testcase> <!-- VerifyCycleNameColumn -->
  <testcase name="VerifyCycleOwnerOrgColumn" time="0.182" classname="MavenFramework.SoxCycleReport">
    <failure type="java.lang.AssertionError" message="The report showsCIABut Expected data is :MRC-9951 expected [false] but found [true]">
      <![CDATA[java.lang.AssertionError: The report showsCIABut Expected data is :MRC-9951 expected [false] but found [true]
at MavenFramework.SoxCycleReport.VerifyCycleOwnerOrgColumn(SoxCycleReport.java:125)
... Removed 28 stack frames]]>
    </failure>
  </testcase> <!-- VerifyCycleOwnerOrgColumn -->
  <testcase name="VerifyCycleOwnerColumn" time="0.23" classname="MavenFramework.SoxCycleReport">
    <failure type="java.lang.AssertionError" message="The report showsCASEY HUNTER Matching with :Casey Hunter expected [true] but found [false]">
      <![CDATA[java.lang.AssertionError: The report showsCASEY HUNTER Matching with :Casey Hunter expected [true] but found [false]
at MavenFramework.SoxCycleReport.VerifyCycleOwnerColumn(SoxCycleReport.java:143)
... Removed 28 stack frames]]>
    </failure>
  </testcase> <!-- VerifyCycleOwnerColumn -->
  <testcase name="CloseReport" time="0.083" classname="MavenFramework.SoxCycleReport"/>
</testsuite> <!-- Sox Cycle form and report validation -->
