<?xml version="1.0" encoding="UTF-8"?>
<!-- Generated by org.testng.reporters.JUnitXMLReporter -->
<testsuite hostname="msi-l907" ignored="0" name="Verify Sox Cycle report" tests="14" failures="1" timestamp="30 Jan 2019 10:49:50 GMT" time="86.726" errors="0">
  <testcase name="LoginApplication" time="10.218" classname="MavenFramework.SoxCycleReport"/>
  <testcase name="OpenSoxCycleReport" time="8.518" classname="MavenFramework.SoxCycleReport"/>
  <testcase name="ExpandReport" time="10.418" classname="MavenFramework.SoxCycleReport"/>
  <testcase name="EnterCycleFilterData" time="3.37" classname="MavenFramework.SoxCycleReport"/>
  <testcase name="GenerateReport" time="6.666" classname="MavenFramework.SoxCycleReport"/>
  <testcase name="VerifyCycleNameColumn" time="3.243" classname="MavenFramework.SoxCycleReport"/>
  <testcase name="VerifyCycleOwnerOrgColumn" time="0.161" classname="MavenFramework.SoxCycleReport"/>
  <testcase name="VerifyCycleOwnerColumn" time="0.157" classname="MavenFramework.SoxCycleReport">
    <failure type="java.lang.AssertionError" message="The report shows NEENA REDDY But Expected data is : Get Lost expected [false] but found [true]">
      <![CDATA[java.lang.AssertionError: The report shows NEENA REDDY But Expected data is : Get Lost expected [false] but found [true]
at MavenFramework.SoxCycleReport.VerifyCycleOwnerColumn(SoxCycleReport.java:157)
... Removed 28 stack frames]]>
    </failure>
  </testcase> <!-- VerifyCycleOwnerColumn -->
  <testcase name="ClearAllReport" time="6.509" classname="MavenFramework.SoxCycleReport"/>
  <testcase name="GenerateAllDataReport" time="9.76" classname="MavenFramework.SoxCycleReport"/>
  <testcase name="ReportDataCount" time="6.147" classname="MavenFramework.SoxCycleReport"/>
  <testcase name="ExportExcel" time="6.705" classname="MavenFramework.SoxCycleReport"/>
  <testcase name="ExportCSV" time="11.546" classname="MavenFramework.SoxCycleReport"/>
  <testcase name="CloseReport" time="0.14" classname="MavenFramework.SoxCycleReport"/>
</testsuite> <!-- Verify Sox Cycle report -->
