<?xml version="1.0" encoding="UTF-8"?>
<!-- Generated by org.testng.reporters.JUnitXMLReporter -->
<testsuite hostname="msi-l907" ignored="0" name="Verify Sox Process report" tests="17" failures="1" timestamp="30 Jan 2019 10:54:42 GMT" time="87.273" errors="0">
  <testcase name="LoginApplication" time="9.833" classname="MavenFramework.ProcessListReport"/>
  <testcase name="OpenProcessReport" time="7.978" classname="MavenFramework.ProcessListReport"/>
  <testcase name="ExpandReport" time="10.456" classname="MavenFramework.ProcessListReport"/>
  <testcase name="EnterCycleFilterData" time="3.357" classname="MavenFramework.ProcessListReport"/>
  <testcase name="EnterProcessFilterData" time="2.739" classname="MavenFramework.ProcessListReport"/>
  <testcase name="GenerateReport" time="6.721" classname="MavenFramework.ProcessListReport"/>
  <testcase name="VerifyCycleNameColumn" time="3.179" classname="MavenFramework.ProcessListReport"/>
  <testcase name="VerifyAreaColumn" time="0.327" classname="MavenFramework.ProcessListReport"/>
  <testcase name="VerifyProcessNameColumn" time="0.176" classname="MavenFramework.ProcessListReport"/>
  <testcase name="VerifyOwnerOrgColumn" time="0.154" classname="MavenFramework.ProcessListReport">
    <failure type="java.lang.AssertionError" message="The report shows PROC-10000471 But Expected data is : MRC-9951 expected [false] but found [true]">
      <![CDATA[java.lang.AssertionError: The report shows PROC-10000471 But Expected data is : MRC-9951 expected [false] but found [true]
at MavenFramework.ProcessListReport.VerifyOwnerOrgColumn(ProcessListReport.java:195)
... Removed 28 stack frames]]>
    </failure>
  </testcase> <!-- VerifyOwnerOrgColumn -->
  <testcase name="VerifyOwnerColumn" time="0.182" classname="MavenFramework.ProcessListReport"/>
  <testcase name="ClearAllReport" time="6.458" classname="MavenFramework.ProcessListReport"/>
  <testcase name="GenerateAllDataReport" time="9.619" classname="MavenFramework.ProcessListReport"/>
  <testcase name="ReportDataCount" time="6.143" classname="MavenFramework.ProcessListReport"/>
  <testcase name="ExportExcel" time="5.95" classname="MavenFramework.ProcessListReport"/>
  <testcase name="ExportCSV" time="11.129" classname="MavenFramework.ProcessListReport"/>
  <testcase name="CloseReport" time="0.219" classname="MavenFramework.ProcessListReport"/>
</testsuite> <!-- Verify Sox Process report -->
